0 info it worked if it ends with ok
1 verbose cli [ 'D:\\Program Files\\nodejs\\node.exe',
1 verbose cli   'D:\\Program Files\\nodejs\\node_modules\\npm\\bin\\npm-cli.js',
1 verbose cli   'run',
1 verbose cli   'dev' ]
2 info using npm@3.10.8
3 info using node@v6.9.0
4 verbose run-script [ 'predev', 'dev', 'postdev' ]
5 info lifecycle myapp1@0.0.0~predev: myapp1@0.0.0
6 silly lifecycle myapp1@0.0.0~predev: no script for predev, continuing
7 info lifecycle myapp1@0.0.0~dev: myapp1@0.0.0
8 verbose lifecycle myapp1@0.0.0~dev: unsafe-perm in lifecycle true
9 verbose lifecycle myapp1@0.0.0~dev: PATH: D:\Users\zhang\AppData\Roaming\nvm\v6.9.0\node_modules\npm\bin\node-gyp-bin;C:\Users\zhang\Desktop\Graduation-design-node\node_modules\.bin;C:\Windows\system32;C:\Windows;C:\Windows\System32\Wbem;C:\Windows\System32\WindowsPowerShell\v1.0\;C:\Windows\System32\OpenSSH\;D:\软件工具\git\Git\cmd;D:\Users\zhang\AppData\Roaming\nvm;D:\Program Files\nodejs;D:\Program Files (x86)\Yarn\bin\;C:\Users\zhang\AppData\Local\Microsoft\WindowsApps;C:\Users\zhang\AppData\Local\GitHubDesktop\bin;D:\Users\zhang\AppData\Local\Programs\Microsoft VS Code\bin;D:\Users\zhang\AppData\Roaming\nvm;D:\Program Files\nodejs;C:\Users\zhang\AppData\Local\Yarn\bin
10 verbose lifecycle myapp1@0.0.0~dev: CWD: C:\Users\zhang\Desktop\Graduation-design-node
11 silly lifecycle myapp1@0.0.0~dev: Args: [ '/d /s /c', 'nodemon' ]
12 silly lifecycle myapp1@0.0.0~dev: Returned: code: 3221225786  signal: null
13 info lifecycle myapp1@0.0.0~dev: Failed to exec dev script
14 verbose stack Error: myapp1@0.0.0 dev: `nodemon`
14 verbose stack Exit status 3221225786
14 verbose stack     at EventEmitter.<anonymous> (D:\Users\zhang\AppData\Roaming\nvm\v6.9.0\node_modules\npm\lib\utils\lifecycle.js:255:16)
14 verbose stack     at emitTwo (events.js:106:13)
14 verbose stack     at EventEmitter.emit (events.js:191:7)
14 verbose stack     at ChildProcess.<anonymous> (D:\Users\zhang\AppData\Roaming\nvm\v6.9.0\node_modules\npm\lib\utils\spawn.js:40:14)
14 verbose stack     at emitTwo (events.js:106:13)
14 verbose stack     at ChildProcess.emit (events.js:191:7)
14 verbose stack     at maybeClose (internal/child_process.js:877:16)
14 verbose stack     at Process.ChildProcess._handle.onexit (internal/child_process.js:226:5)
15 verbose pkgid myapp1@0.0.0
16 verbose cwd C:\Users\zhang\Desktop\Graduation-design-node
17 error Windows_NT 10.0.17763
18 error argv "D:\\Program Files\\nodejs\\node.exe" "D:\\Program Files\\nodejs\\node_modules\\npm\\bin\\npm-cli.js" "run" "dev"
19 error node v6.9.0
20 error npm  v3.10.8
21 error code ELIFECYCLE
22 error myapp1@0.0.0 dev: `nodemon`
22 error Exit status 3221225786
23 error Failed at the myapp1@0.0.0 dev script 'nodemon'.
23 error Make sure you have the latest version of node.js and npm installed.
23 error If you do, this is most likely a problem with the myapp1 package,
23 error not with npm itself.
23 error Tell the author that this fails on your system:
23 error     nodemon
23 error You can get information on how to open an issue for this project with:
23 error     npm bugs myapp1
23 error Or if that isn't available, you can get their info via:
23 error     npm owner ls myapp1
23 error There is likely additional logging output above.
24 verbose exit [ 1, true ]
